#
# A fatal error has been detected by the Java Runtime Environment:
#
#  EXCEPTION_ACCESS_VIOLATION (0xc0000005) at pc=0x0000000068e2f4ac, pid=6860, tid=7720
#
# JRE version: Java(TM) SE Runtime Environment (8.0_65-b17) (build 1.8.0_65-b17)
# Java VM: Java HotSpot(TM) 64-Bit Server VM (25.65-b01 mixed mode windows-amd64 compressed oops)
# Problematic frame:
# C  [t2k.dll+0x2f4ac]
#
# Failed to write core dump. Minidumps are not enabled by default on client versions of Windows
#
# If you would like to submit a bug report, please visit:
#   http://bugreport.java.com/bugreport/crash.jsp
# The crash happened outside the Java Virtual Machine in native code.
# See problematic frame for where to report the bug.
#

---------------  T H R E A D  ---------------

Current thread (0x00000000199d9800):  JavaThread "AWT-EventQueue-0" [_thread_in_native, id=7720, stack(0x000000001ab50000,0x000000001ac50000)]

siginfo: ExceptionCode=0xc0000005, writing address 0x00000000000000c0

Registers:
RAX=0x00002b1aa4c83aa4, RBX=0x0000000019e5bad8, RCX=0x0000000000000000, RDX=0x0000000000000000
RSP=0x000000001ac4bb88, RBP=0x0000000019e5bac0, RSI=0x0000000019e5bad8, RDI=0x0000000019e5bc40
R8 =0x0000000019e5bac0, R9 =0x0000000019e5bc40, R10=0x0000000002785e08, R11=0x0000000050329450
R12=0x000000001ac4bd30, R13=0x000000000600012b, R14=0x000000001ac4bd68, R15=0x000000001ac4bd60
RIP=0x0000000068e2f4ac, EFLAGS=0x0000000000010246

Top of Stack: (sp=0x000000001ac4bb88)
0x000000001ac4bb88:   0000000068e1a24b 0000000000000000
0x000000001ac4bb98:   000007fefba9032d 0000000000000012
0x000000001ac4bba8:   0000000300000000 00000005fffffffd
0x000000001ac4bbb8:   000007fefd9451ae 000000001ac4bd20
0x000000001ac4bbc8:   000007fefba88c87 0000000000000000
0x000000001ac4bbd8:   000000000000200c 000000001ac4bd20
0x000000001ac4bbe8:   00002b1aa4c83aa4 00000000199d99f8
0x000000001ac4bbf8:   0000000068e1a4a4 0000000019e5bc40
0x000000001ac4bc08:   000007fefd9424a5 000007fefd99c1c0
0x000000001ac4bc18:   0000000000000000 000000001ac4bc00
0x000000001ac4bc28:   000007fe0600012b 0000000000000000
0x000000001ac4bc38:   000007fefd9423e9 00000000199d9800
0x000000001ac4bc48:   000000001ac4bd68 000000001acfc9c0
0x000000001ac4bc58:   0000000000000000 0000000000000138
0x000000001ac4bc68:   0000000002785e34 000000001acfc9c0
0x000000001ac4bc78:   000000001ac4bd10 000000001ac6bd38 

Instructions: (pc=0x0000000068e2f4ac)
0x0000000068e2f48c:   48 2b d1 48 89 81 c8 00 00 00 42 8b 84 02 40 ff
0x0000000068e2f49c:   ff ff 41 89 00 49 83 c0 04 49 ff c9 75 ec eb 10
0x0000000068e2f4ac:   48 83 a1 c0 00 00 00 00 48 83 a1 c8 00 00 00 00
0x0000000068e2f4bc:   e9 03 fe ff ff cc cc cc 48 89 5c 24 08 48 89 6c 


Register to memory mapping:

RAX=0x00002b1aa4c83aa4 is an unknown value
RBX=0x0000000019e5bad8 is an unknown value
RCX=0x0000000000000000 is an unknown value
RDX=0x0000000000000000 is an unknown value
RSP=0x000000001ac4bb88 is pointing into the stack for thread: 0x00000000199d9800
RBP=0x0000000019e5bac0 is an unknown value
RSI=0x0000000019e5bad8 is an unknown value
RDI=0x0000000019e5bc40 is an unknown value
R8 =0x0000000019e5bac0 is an unknown value
R9 =0x0000000019e5bc40 is an unknown value
R10=0x0000000002785e08 is at code_begin+840 in an Interpreter codelet
method entry point (kind = native)  [0x0000000002785ac0, 0x0000000002786420]  2400 bytes
R11=0x0000000050329450 is an unknown value
R12=0x000000001ac4bd30 is pointing into the stack for thread: 0x00000000199d9800
R13=0x000000000600012b is an unknown value
R14=0x000000001ac4bd68 is pointing into the stack for thread: 0x00000000199d9800
R15=0x000000001ac4bd60 is pointing into the stack for thread: 0x00000000199d9800


Stack: [0x000000001ab50000,0x000000001ac50000],  sp=0x000000001ac4bb88,  free space=1006k
Native frames: (J=compiled Java code, j=interpreted, Vv=VM code, C=native code)
C  [t2k.dll+0x2f4ac]

Java frames: (J=compiled Java code, j=interpreted, Vv=VM code)
j  sun.font.T2KFontScaler.getGlyphMetricsNative(Lsun/font/Font2D;JJILjava/awt/geom/Point2D$Float;)V+0
j  sun.font.T2KFontScaler.getGlyphMetrics(JILjava/awt/geom/Point2D$Float;)V+28
j  sun.font.FileFont.getGlyphMetrics(JILjava/awt/geom/Point2D$Float;)V+8
j  sun.font.FileFontStrike.getGlyphMetrics(IZ)Ljava/awt/geom/Point2D$Float;+201
j  sun.font.FileFontStrike.getGlyphAdvance(IZ)F+221
j  sun.font.FileFontStrike.getGlyphImageFromWindows(I)J+80
j  sun.font.FileFontStrike.getGlyphImageFromNative(I)J+8
j  sun.font.FileFontStrike.getGlyphImagePtr(I)J+35
j  sun.font.FileFontStrike.getGlyphAdvance(IZ)F+240
j  sun.font.FileFontStrike.getGlyphAdvance(I)F+3
j  sun.font.CompositeStrike.getGlyphAdvance(I)F+11
j  sun.font.CompositeStrike.getCodePointAdvance(I)F+12
J 1674 C1 sun.font.FontDesignMetrics.stringWidth(Ljava/lang/String;)I (154 bytes) @ 0x0000000002cd0f64 [0x0000000002cd0880+0x6e4]
J 1688 C1 sun.swing.SwingUtilities2.stringWidth(Ljavax/swing/JComponent;Ljava/awt/FontMetrics;Ljava/lang/String;)I (108 bytes) @ 0x0000000002cda13c [0x0000000002cd9960+0x7dc]
J 1701 C1 javax.swing.SwingUtilities.layoutCompoundLabelImpl(Ljavax/swing/JComponent;Ljava/awt/FontMetrics;Ljava/lang/String;Ljavax/swing/Icon;IIIILjava/awt/Rectangle;Ljava/awt/Rectangle;Ljava/awt/Rectangle;I)Ljava/lang/String; (758 bytes) @ 0x0000000002ce3724 [0x0000000002ce2d60+0x9c4]
J 1707 C1 javax.swing.SwingUtilities.layoutCompoundLabel(Ljavax/swing/JComponent;Ljava/awt/FontMetrics;Ljava/lang/String;Ljavax/swing/Icon;IIIILjava/awt/Rectangle;Ljava/awt/Rectangle;Ljava/awt/Rectangle;I)Ljava/lang/String; (163 bytes) @ 0x0000000002ce11cc [0x0000000002ce0d20+0x4ac]
J 1676 C1 javax.swing.plaf.synth.SynthGraphicsUtils.layoutText(Ljavax/swing/plaf/synth/SynthContext;Ljava/awt/FontMetrics;Ljava/lang/String;Ljavax/swing/Icon;IIIILjava/awt/Rectangle;Ljava/awt/Rectangle;Ljava/awt/Rectangle;I)Ljava/lang/String; (84 bytes) @ 0x0000000002cd5bcc [0x0000000002cd5220+0x9ac]
J 1705 C1 javax.swing.plaf.synth.SynthGraphicsUtils.getPreferredSize(Ljavax/swing/plaf/synth/SynthContext;Ljava/awt/Font;Ljava/lang/String;Ljavax/swing/Icon;IIIIII)Ljava/awt/Dimension; (402 bytes) @ 0x0000000002ce9064 [0x0000000002ce8840+0x824]
j  javax.swing.plaf.synth.SynthGraphicsUtils.getMinimumSize(Ljavax/swing/plaf/synth/SynthContext;Ljava/awt/Font;Ljava/lang/String;Ljavax/swing/Icon;IIIIII)Ljava/awt/Dimension;+24
j  javax.swing.plaf.synth.SynthLabelUI.getMinimumSize(Ljavax/swing/JComponent;)Ljava/awt/Dimension;+82
j  javax.swing.JComponent.getMinimumSize()Ljava/awt/Dimension;+26
j  java.awt.GridBagLayout.GetLayoutInfo(Ljava/awt/Container;I)Ljava/awt/GridBagLayoutInfo;+503
j  java.awt.GridBagLayout.getLayoutInfo(Ljava/awt/Container;I)Ljava/awt/GridBagLayoutInfo;+3
j  java.awt.GridBagLayout.minimumLayoutSize(Ljava/awt/Container;)Ljava/awt/Dimension;+3
j  java.awt.Container.minimumSize()Ljava/awt/Dimension;+43
j  java.awt.Container.getMinimumSize()Ljava/awt/Dimension;+1
j  javax.swing.JComponent.getMinimumSize()Ljava/awt/Dimension;+39
j  java.awt.BorderLayout.minimumLayoutSize(Ljava/awt/Container;)Ljava/awt/Dimension;+157
j  java.awt.Container.minimumSize()Ljava/awt/Dimension;+43
j  java.awt.Container.getMinimumSize()Ljava/awt/Dimension;+1
j  javax.swing.JComponent.getMinimumSize()Ljava/awt/Dimension;+39
j  java.awt.BorderLayout.minimumLayoutSize(Ljava/awt/Container;)Ljava/awt/Dimension;+157
j  java.awt.Container.minimumSize()Ljava/awt/Dimension;+43
j  java.awt.Container.getMinimumSize()Ljava/awt/Dimension;+1
j  javax.swing.JComponent.getMinimumSize()Ljava/awt/Dimension;+39
j  javax.swing.BoxLayout.checkRequests()V+105
j  javax.swing.BoxLayout.layoutContainer(Ljava/awt/Container;)V+127
j  java.awt.Container.layout()V+11
j  java.awt.Container.doLayout()V+1
J 2381 C1 java.awt.Container.validateTree()V (153 bytes) @ 0x0000000002ed66d4 [0x0000000002ed5d80+0x954]
J 2381 C1 java.awt.Container.validateTree()V (153 bytes) @ 0x0000000002ed6fcc [0x0000000002ed5d80+0x124c]
J 2381 C1 java.awt.Container.validateTree()V (153 bytes) @ 0x0000000002ed6fcc [0x0000000002ed5d80+0x124c]
J 2381 C1 java.awt.Container.validateTree()V (153 bytes) @ 0x0000000002ed6fcc [0x0000000002ed5d80+0x124c]
J 2381 C1 java.awt.Container.validateTree()V (153 bytes) @ 0x0000000002ed6fcc [0x0000000002ed5d80+0x124c]
J 3190 C1 java.awt.Container.validate()V (105 bytes) @ 0x000000000322af54 [0x000000000322a740+0x814]
j  java.awt.Window.dispatchEventImpl(Ljava/awt/AWTEvent;)V+14
J 2267 C1 java.awt.EventQueue.dispatchEventImpl(Ljava/awt/AWTEvent;Ljava/lang/Object;)V (149 bytes) @ 0x0000000002e6e9bc [0x0000000002e6d180+0x183c]
J 2265 C1 java.awt.EventQueue$3.run()Ljava/lang/Void; (60 bytes) @ 0x0000000002e5da4c [0x0000000002e5d840+0x20c]
J 2264 C1 java.awt.EventQueue$3.run()Ljava/lang/Object; (5 bytes) @ 0x0000000002e5e10c [0x0000000002e5e080+0x8c]
v  ~StubRoutines::call_stub
J 2114  java.security.AccessController.doPrivileged(Ljava/security/PrivilegedAction;Ljava/security/AccessControlContext;)Ljava/lang/Object; (0 bytes) @ 0x0000000002dec426 [0x0000000002dec3c0+0x66]
J 2140 C1 java.security.ProtectionDomain$JavaSecurityAccessImpl.doIntersectionPrivilege(Ljava/security/PrivilegedAction;Ljava/security/AccessControlContext;Ljava/security/AccessControlContext;)Ljava/lang/Object; (22 bytes) @ 0x0000000002e030ec [0x0000000002e02c80+0x46c]
j  java.security.ProtectionDomain$JavaSecurityAccessImpl.doIntersectionPrivilege(Ljava/security/PrivilegedAction;Ljava/security/AccessControlContext;)Ljava/lang/Object;+6
j  java.awt.EventQueue$4.run()Ljava/lang/Void;+11
j  java.awt.EventQueue$4.run()Ljava/lang/Object;+1
v  ~StubRoutines::call_stub
J 2114  java.security.AccessController.doPrivileged(Ljava/security/PrivilegedAction;Ljava/security/AccessControlContext;)Ljava/lang/Object; (0 bytes) @ 0x0000000002dec426 [0x0000000002dec3c0+0x66]
J 2181 C1 java.awt.EventQueue.dispatchEvent(Ljava/awt/AWTEvent;)V (80 bytes) @ 0x0000000002e15bbc [0x0000000002e14d40+0xe7c]
J 2184 C1 java.awt.EventDispatchThread.pumpOneEventForFilters(I)V (295 bytes) @ 0x0000000002e18b34 [0x0000000002e16e80+0x1cb4]
j  java.awt.EventDispatchThread.pumpEventsForFilter(ILjava/awt/Conditional;Ljava/awt/EventFilter;)V+35
j  java.awt.EventDispatchThread.pumpEventsForHierarchy(ILjava/awt/Conditional;Ljava/awt/Component;)V+11
j  java.awt.EventDispatchThread.pumpEvents(ILjava/awt/Conditional;)V+4
j  java.awt.EventDispatchThread.pumpEvents(Ljava/awt/Conditional;)V+3
j  java.awt.EventDispatchThread.run()V+9
v  ~StubRoutines::call_stub

---------------  P R O C E S S  ---------------

Java Threads: ( => current thread )
  0x000000001bca8800 JavaThread "TimerQueue" daemon [_thread_blocked, id=10228, stack(0x000000001dd00000,0x000000001de00000)]
  0x000000001b925800 JavaThread "Abandoned connection cleanup thread" daemon [_thread_blocked, id=4912, stack(0x000000001c3a0000,0x000000001c4a0000)]
  0x000000000221e800 JavaThread "DestroyJavaVM" [_thread_blocked, id=8352, stack(0x00000000023a0000,0x00000000024a0000)]
=>0x00000000199d9800 JavaThread "AWT-EventQueue-0" [_thread_in_native, id=7720, stack(0x000000001ab50000,0x000000001ac50000)]
  0x0000000019985800 JavaThread "AWT-Windows" daemon [_thread_in_native, id=9220, stack(0x000000001a480000,0x000000001a580000)]
  0x0000000019978000 JavaThread "AWT-Shutdown" [_thread_blocked, id=7536, stack(0x000000001a2f0000,0x000000001a3f0000)]
  0x0000000019977000 JavaThread "Java2D Disposer" daemon [_thread_blocked, id=9452, stack(0x0000000019530000,0x0000000019630000)]
  0x00000000189fd000 JavaThread "Service Thread" daemon [_thread_blocked, id=9092, stack(0x00000000196a0000,0x00000000197a0000)]
  0x0000000018989800 JavaThread "C1 CompilerThread2" daemon [_thread_blocked, id=10040, stack(0x0000000019100000,0x0000000019200000)]
  0x0000000018988000 JavaThread "C2 CompilerThread1" daemon [_thread_blocked, id=9736, stack(0x00000000193e0000,0x00000000194e0000)]
  0x0000000018982800 JavaThread "C2 CompilerThread0" daemon [_thread_blocked, id=8324, stack(0x0000000019230000,0x0000000019330000)]
  0x0000000017665000 JavaThread "Attach Listener" daemon [_thread_blocked, id=9228, stack(0x0000000018f90000,0x0000000019090000)]
  0x0000000017662800 JavaThread "Signal Dispatcher" daemon [_thread_blocked, id=6288, stack(0x0000000018e60000,0x0000000018f60000)]
  0x0000000017607800 JavaThread "Finalizer" daemon [_thread_blocked, id=10060, stack(0x00000000186f0000,0x00000000187f0000)]
  0x0000000017600800 JavaThread "Reference Handler" daemon [_thread_blocked, id=8824, stack(0x0000000018880000,0x0000000018980000)]

Other Threads:
  0x00000000175fb000 VMThread [stack: 0x00000000185d0000,0x00000000186d0000] [id=7332]
  0x0000000018a1b800 WatcherThread [stack: 0x0000000019850000,0x0000000019950000] [id=7364]

VM state:not at safepoint (normal execution)

VM Mutex/Monitor currently owned by a thread: None

Heap:
 PSYoungGen      total 228352K, used 71563K [0x00000000d6000000, 0x00000000edc80000, 0x0000000100000000)
  eden space 206336K, 24% used [0x00000000d6000000,0x00000000d9068930,0x00000000e2980000)
  from space 22016K, 99% used [0x00000000e2980000,0x00000000e3efa500,0x00000000e3f00000)
  to   space 29696K, 0% used [0x00000000ebf80000,0x00000000ebf80000,0x00000000edc80000)
 ParOldGen       total 86016K, used 59117K [0x0000000082000000, 0x0000000087400000, 0x00000000d6000000)
  object space 86016K, 68% used [0x0000000082000000,0x00000000859bb6e0,0x0000000087400000)
 Metaspace       used 20584K, capacity 20790K, committed 20992K, reserved 1067008K
  class space    used 2454K, capacity 2529K, committed 2560K, reserved 1048576K

Card table byte_map: [0x0000000011b30000,0x0000000011f30000] byte_map_base: 0x0000000011720000

Marking Bits: (ParMarkBitMap*) 0x000000005090a5b0
 Begin Bits: [0x0000000012980000, 0x0000000014900000)
 End Bits:   [0x0000000014900000, 0x0000000016880000)

Polling page: 0x0000000000450000

CodeCache: size=245760Kb used=13895Kb max_used=14214Kb free=231864Kb
 bounds [0x0000000002770000, 0x0000000003570000, 0x0000000011770000]
 total_blobs=4162 nmethods=3575 adapters=497
 compilation: enabled

Compilation events (10 events):
Event: 26.517 Thread 0x0000000018989800 3925       1       sun.swing.MenuItemLayoutHelper$LayoutResult::access$800 (5 bytes)
Event: 26.517 Thread 0x0000000018989800 nmethod 3925 0x0000000002b34050 code [0x0000000002b341a0, 0x0000000002b34290]
Event: 26.517 Thread 0x0000000018989800 3917   !   3       java.awt.LightweightDispatcher::eventDispatched (336 bytes)
Event: 26.520 Thread 0x0000000018989800 nmethod 3917 0x0000000002c27510 code [0x0000000002c278e0, 0x0000000002c2a9f8]
Event: 26.520 Thread 0x0000000018989800 3921       1       java.awt.event.MouseEvent::getButton (5 bytes)
Event: 26.520 Thread 0x0000000018989800 nmethod 3921 0x0000000002b33d90 code [0x0000000002b33ee0, 0x0000000002b33ff0]
Event: 26.520 Thread 0x0000000018989800 3919       1       javax.swing.ComponentInputMap::getComponent (5 bytes)
Event: 26.521 Thread 0x0000000018989800 nmethod 3919 0x0000000002b04490 code [0x0000000002b045e0, 0x0000000002b046f0]
Event: 26.521 Thread 0x0000000018989800 3920       1       java.awt.Window::getFocusableWindowState (5 bytes)
Event: 26.521 Thread 0x0000000018989800 nmethod 3920 0x0000000002b04150 code [0x0000000002b042a0, 0x0000000002b043b0]

GC Heap History (10 events):
Event: 13.644 GC heap before
{Heap before GC invocations=7 (full 0):
 PSYoungGen      total 79360K, used 75320K [0x00000000d6000000, 0x00000000dbb00000, 0x0000000100000000)
  eden space 65536K, 100% used [0x00000000d6000000,0x00000000da000000,0x00000000da000000)
  from space 13824K, 70% used [0x00000000dad80000,0x00000000db70e300,0x00000000dbb00000)
  to   space 13824K, 0% used [0x00000000da000000,0x00000000da000000,0x00000000dad80000)
 ParOldGen       total 86016K, used 28103K [0x0000000082000000, 0x0000000087400000, 0x00000000d6000000)
  object space 86016K, 32% used [0x0000000082000000,0x0000000083b71c00,0x0000000087400000)
 Metaspace       used 20525K, capacity 20790K, committed 20992K, reserved 1067008K
  class space    used 2452K, capacity 2529K, committed 2560K, reserved 1048576K
Event: 13.674 GC heap after
Heap after GC invocations=7 (full 0):
 PSYoungGen      total 79360K, used 12051K [0x00000000d6000000, 0x00000000dfc00000, 0x0000000100000000)
  eden space 65536K, 0% used [0x00000000d6000000,0x00000000d6000000,0x00000000da000000)
  from space 13824K, 87% used [0x00000000da000000,0x00000000dabc4c70,0x00000000dad80000)
  to   space 14336K, 0% used [0x00000000dee00000,0x00000000dee00000,0x00000000dfc00000)
 ParOldGen       total 86016K, used 31589K [0x0000000082000000, 0x0000000087400000, 0x00000000d6000000)
  object space 86016K, 36% used [0x0000000082000000,0x0000000083ed96a0,0x0000000087400000)
 Metaspace       used 20525K, capacity 20790K, committed 20992K, reserved 1067008K
  class space    used 2452K, capacity 2529K, committed 2560K, reserved 1048576K
}
Event: 15.100 GC heap before
{Heap before GC invocations=8 (full 0):
 PSYoungGen      total 79360K, used 77587K [0x00000000d6000000, 0x00000000dfc00000, 0x0000000100000000)
  eden space 65536K, 100% used [0x00000000d6000000,0x00000000da000000,0x00000000da000000)
  from space 13824K, 87% used [0x00000000da000000,0x00000000dabc4c70,0x00000000dad80000)
  to   space 14336K, 0% used [0x00000000dee00000,0x00000000dee00000,0x00000000dfc00000)
 ParOldGen       total 86016K, used 31589K [0x0000000082000000, 0x0000000087400000, 0x00000000d6000000)
  object space 86016K, 36% used [0x0000000082000000,0x0000000083ed96a0,0x0000000087400000)
 Metaspace       used 20541K, capacity 20790K, committed 20992K, reserved 1067008K
  class space    used 2452K, capacity 2529K, committed 2560K, reserved 1048576K
Event: 15.121 GC heap after
Heap after GC invocations=8 (full 0):
 PSYoungGen      total 145408K, used 11634K [0x00000000d6000000, 0x00000000dfc00000, 0x0000000100000000)
  eden space 131072K, 0% used [0x00000000d6000000,0x00000000d6000000,0x00000000de000000)
  from space 14336K, 81% used [0x00000000dee00000,0x00000000df95cbd0,0x00000000dfc00000)
  to   space 14336K, 0% used [0x00000000de000000,0x00000000de000000,0x00000000dee00000)
 ParOldGen       total 86016K, used 31629K [0x0000000082000000, 0x0000000087400000, 0x00000000d6000000)
  object space 86016K, 36% used [0x0000000082000000,0x0000000083ee36b0,0x0000000087400000)
 Metaspace       used 20541K, capacity 20790K, committed 20992K, reserved 1067008K
  class space    used 2452K, capacity 2529K, committed 2560K, reserved 1048576K
}
Event: 17.799 GC heap before
{Heap before GC invocations=9 (full 0):
 PSYoungGen      total 145408K, used 142706K [0x00000000d6000000, 0x00000000dfc00000, 0x0000000100000000)
  eden space 131072K, 100% used [0x00000000d6000000,0x00000000de000000,0x00000000de000000)
  from space 14336K, 81% used [0x00000000dee00000,0x00000000df95cbd0,0x00000000dfc00000)
  to   space 14336K, 0% used [0x00000000de000000,0x00000000de000000,0x00000000dee00000)
 ParOldGen       total 86016K, used 31629K [0x0000000082000000, 0x0000000087400000, 0x00000000d6000000)
  object space 86016K, 36% used [0x0000000082000000,0x0000000083ee36b0,0x0000000087400000)
 Metaspace       used 20544K, capacity 20790K, committed 20992K, reserved 1067008K
  class space    used 2452K, capacity 2529K, committed 2560K, reserved 1048576K
Event: 17.833 GC heap after
Heap after GC invocations=9 (full 0):
 PSYoungGen      total 145408K, used 14325K [0x00000000d6000000, 0x00000000e5100000, 0x0000000100000000)
  eden space 131072K, 0% used [0x00000000d6000000,0x00000000d6000000,0x00000000de000000)
  from space 14336K, 99% used [0x00000000de000000,0x00000000dedfd710,0x00000000dee00000)
  to   space 18432K, 0% used [0x00000000e3f00000,0x00000000e3f00000,0x00000000e5100000)
 ParOldGen       total 86016K, used 39773K [0x0000000082000000, 0x0000000087400000, 0x00000000d6000000)
  object space 86016K, 46% used [0x0000000082000000,0x00000000846d76c0,0x0000000087400000)
 Metaspace       used 20544K, capacity 20790K, committed 20992K, reserved 1067008K
  class space    used 2452K, capacity 2529K, committed 2560K, reserved 1048576K
}
Event: 20.460 GC heap before
{Heap before GC invocations=10 (full 0):
 PSYoungGen      total 145408K, used 145397K [0x00000000d6000000, 0x00000000e5100000, 0x0000000100000000)
  eden space 131072K, 100% used [0x00000000d6000000,0x00000000de000000,0x00000000de000000)
  from space 14336K, 99% used [0x00000000de000000,0x00000000dedfd710,0x00000000dee00000)
  to   space 18432K, 0% used [0x00000000e3f00000,0x00000000e3f00000,0x00000000e5100000)
 ParOldGen       total 86016K, used 39773K [0x0000000082000000, 0x0000000087400000, 0x00000000d6000000)
  object space 86016K, 46% used [0x0000000082000000,0x00000000846d76c0,0x0000000087400000)
 Metaspace       used 20544K, capacity 20790K, committed 20992K, reserved 1067008K
  class space    used 2452K, capacity 2529K, committed 2560K, reserved 1048576K
Event: 20.494 GC heap after
Heap after GC invocations=10 (full 0):
 PSYoungGen      total 224768K, used 18421K [0x00000000d6000000, 0x00000000e5800000, 0x0000000100000000)
  eden space 206336K, 0% used [0x00000000d6000000,0x00000000d6000000,0x00000000e2980000)
  from space 18432K, 99% used [0x00000000e3f00000,0x00000000e50fd750,0x00000000e5100000)
  to   space 22016K, 0% used [0x00000000e2980000,0x00000000e2980000,0x00000000e3f00000)
 ParOldGen       total 86016K, used 44829K [0x0000000082000000, 0x0000000087400000, 0x00000000d6000000)
  object space 86016K, 52% used [0x0000000082000000,0x0000000084bc76c0,0x0000000087400000)
 Metaspace       used 20544K, capacity 20790K, committed 20992K, reserved 1067008K
  class space    used 2452K, capacity 2529K, committed 2560K, reserved 1048576K
}
Event: 25.020 GC heap before
{Heap before GC invocations=11 (full 0):
 PSYoungGen      total 224768K, used 224757K [0x00000000d6000000, 0x00000000e5800000, 0x0000000100000000)
  eden space 206336K, 100% used [0x00000000d6000000,0x00000000e2980000,0x00000000e2980000)
  from space 18432K, 99% used [0x00000000e3f00000,0x00000000e50fd750,0x00000000e5100000)
  to   space 22016K, 0% used [0x00000000e2980000,0x00000000e2980000,0x00000000e3f00000)
 ParOldGen       total 86016K, used 44829K [0x0000000082000000, 0x0000000087400000, 0x00000000d6000000)
  object space 86016K, 52% used [0x0000000082000000,0x0000000084bc76c0,0x0000000087400000)
 Metaspace       used 20544K, capacity 20790K, committed 20992K, reserved 1067008K
  class space    used 2452K, capacity 2529K, committed 2560K, reserved 1048576K
Event: 25.075 GC heap after
Heap after GC invocations=11 (full 0):
 PSYoungGen      total 228352K, used 21993K [0x00000000d6000000, 0x00000000edc80000, 0x0000000100000000)
  eden space 206336K, 0% used [0x00000000d6000000,0x00000000d6000000,0x00000000e2980000)
  from space 22016K, 99% used [0x00000000e2980000,0x00000000e3efa500,0x00000000e3f00000)
  to   space 29696K, 0% used [0x00000000ebf80000,0x00000000ebf80000,0x00000000edc80000)
 ParOldGen       total 86016K, used 59117K [0x0000000082000000, 0x0000000087400000, 0x00000000d6000000)
  object space 86016K, 68% used [0x0000000082000000,0x00000000859bb6e0,0x0000000087400000)
 Metaspace       used 20544K, capacity 20790K, committed 20992K, reserved 1067008K
  class space    used 2452K, capacity 2529K, committed 2560K, reserved 1048576K
}

Deoptimization events (10 events):
Event: 26.135 Thread 0x00000000199d9800 Uncommon trap: reason=class_check action=maybe_recompile pc=0x0000000003516594 method=java.awt.Color.equals(Ljava/lang/Object;)Z @ 15
Event: 26.143 Thread 0x00000000199d9800 Uncommon trap: reason=unstable_if action=reinterpret pc=0x00000000028dbb4c method=java.nio.charset.CharsetEncoder.encode(Ljava/nio/CharBuffer;Ljava/nio/ByteBuffer;Z)Ljava/nio/charset/CoderResult; @ 1
Event: 26.143 Thread 0x00000000199d9800 Uncommon trap: reason=unstable_if action=reinterpret pc=0x0000000002bc5344 method=sun.nio.cs.UTF_8$Encoder.encodeLoop(Ljava/nio/CharBuffer;Ljava/nio/ByteBuffer;)Ljava/nio/charset/CoderResult; @ 4
Event: 26.143 Thread 0x00000000199d9800 Uncommon trap: reason=class_check action=maybe_recompile pc=0x0000000002afb3bc method=java.io.BufferedOutputStream.flushBuffer()V @ 20
Event: 26.143 Thread 0x00000000199d9800 Uncommon trap: reason=class_check action=maybe_recompile pc=0x0000000002afb3bc method=java.io.BufferedOutputStream.flushBuffer()V @ 20
Event: 26.143 Thread 0x00000000199d9800 Uncommon trap: reason=class_check action=maybe_recompile pc=0x0000000002afb3bc method=java.io.BufferedOutputStream.flushBuffer()V @ 20
Event: 26.143 Thread 0x00000000199d9800 Uncommon trap: reason=class_check action=maybe_recompile pc=0x0000000002afb2f4 method=java.io.BufferedOutputStream.flush()V @ 8
Event: 26.144 Thread 0x00000000199d9800 Uncommon trap: reason=class_check action=maybe_recompile pc=0x0000000002afb3bc method=java.io.BufferedOutputStream.flushBuffer()V @ 20
Event: 26.510 Thread 0x00000000199d9800 Uncommon trap: reason=class_check action=maybe_recompile pc=0x00000000028846a0 method=java.awt.AWTEventMulticaster.removeInternal(Ljava/util/EventListener;Ljava/util/EventListener;)Ljava/util/EventListener; @ 12
Event: 26.510 Thread 0x00000000199d9800 Uncommon trap: reason=unstable_if action=reinterpret pc=0x000000000288468c method=java.awt.AWTEventMulticaster.remove(Ljava/util/EventListener;)Ljava/util/EventListener; @ 5

Internal exceptions (10 events):
Event: 3.251 Thread 0x00000000199d9800 Implicit null exception at 0x0000000002d55d37 to 0x0000000002d5941d
Event: 7.071 Thread 0x00000000199d9800 Implicit null exception at 0x0000000002e24595 to 0x0000000002e24881
Event: 12.058 Thread 0x00000000199d9800 Implicit null exception at 0x000000000338851f to 0x0000000003389d1d
Event: 26.103 Thread 0x00000000199d9800 StackOverflowError at 0x0000000002eb0040
Event: 26.103 Thread 0x00000000199d9800 Exception <a 'java/lang/StackOverflowError'> (0x00000000d8c37ef8) thrown at [C:\workspace\8-2-build-windows-amd64-cygwin\jdk8u65\4987\hotspot\src\share\vm\runtime\sharedRuntime.cpp, line 605]
Event: 26.103 Thread 0x00000000199d9800 Exception <a 'java/lang/StackOverflowError'> (0x00000000d8c37ef8) thrown at [C:\workspace\8-2-build-windows-amd64-cygwin\jdk8u65\4987\hotspot\src\share\vm\prims\jvm.cpp, line 1390]
Event: 26.142 Thread 0x00000000199d9800 Exception <a 'java/lang/StackOverflowError'> (0x00000000d8c50238) thrown at [C:\workspace\8-2-build-windows-amd64-cygwin\jdk8u65\4987\hotspot\src\share\vm\runtime\javaCalls.cpp, line 386]
Event: 26.142 Thread 0x00000000199d9800 Exception <a 'java/lang/StackOverflowError'> (0x00000000d8c53f58) thrown at [C:\workspace\8-2-build-windows-amd64-cygwin\jdk8u65\4987\hotspot\src\share\vm\runtime\javaCalls.cpp, line 386]
Event: 26.143 Thread 0x00000000199d9800 Exception <a 'java/lang/StackOverflowError'> (0x00000000d8c53f58) thrown at [C:\workspace\8-2-build-windows-amd64-cygwin\jdk8u65\4987\hotspot\src\share\vm\prims\jvm.cpp, line 1390]
Event: 26.143 Thread 0x00000000199d9800 Exception <a 'java/lang/StackOverflowError'> (0x00000000d8c53f58) thrown at [C:\workspace\8-2-build-windows-amd64-cygwin\jdk8u65\4987\hotspot\src\share\vm\prims\jvm.cpp, line 1390]

Events (10 events):
Event: 26.143 Thread 0x00000000199d9800 DEOPT UNPACKING pc=0x00000000027b582a sp=0x000000001ac4ee48 mode 2
Event: 26.144 Thread 0x00000000199d9800 Uncommon trap: trap_request=0xffffffde fr.pc=0x0000000002afb3bc
Event: 26.144 Thread 0x00000000199d9800 DEOPT PACKING pc=0x0000000002afb3bc sp=0x000000001ac4ebc0
Event: 26.144 Thread 0x00000000199d9800 DEOPT UNPACKING pc=0x00000000027b582a sp=0x000000001ac4eb48 mode 2
Event: 26.510 Thread 0x00000000199d9800 Uncommon trap: trap_request=0xffffffde fr.pc=0x00000000028846a0
Event: 26.510 Thread 0x00000000199d9800 DEOPT PACKING pc=0x00000000028846a0 sp=0x000000001ac4d210
Event: 26.510 Thread 0x00000000199d9800 DEOPT UNPACKING pc=0x00000000027b582a sp=0x000000001ac4d1c8 mode 2
Event: 26.510 Thread 0x00000000199d9800 Uncommon trap: trap_request=0xffffff65 fr.pc=0x000000000288468c
Event: 26.510 Thread 0x00000000199d9800 DEOPT PACKING pc=0x000000000288468c sp=0x000000001ac4d210
Event: 26.510 Thread 0x00000000199d9800 DEOPT UNPACKING pc=0x00000000027b582a sp=0x000000001ac4d150 mode 2


Dynamic libraries:
0x000000013f940000 - 0x000000013f977000 	C:\Program Files\Java\jdk1.8.0_65\bin\java.exe
0x0000000077620000 - 0x00000000777c9000 	C:\Windows\SYSTEM32\ntdll.dll
0x000007fef4240000 - 0x000007fef4273000 	C:\Program Files\AVAST Software\Avast\x64\aswhooka.dll
0x0000000077500000 - 0x000000007761f000 	C:\Windows\system32\kernel32.dll
0x000007fefd870000 - 0x000007fefd8db000 	C:\Windows\system32\KERNELBASE.dll
0x000007fefe5e0000 - 0x000007fefe6bb000 	C:\Windows\system32\ADVAPI32.dll
0x000007fefe950000 - 0x000007fefe9ef000 	C:\Windows\system32\msvcrt.dll
0x000007fefe930000 - 0x000007fefe94f000 	C:\Windows\SYSTEM32\sechost.dll
0x000007fefe4b0000 - 0x000007fefe5dd000 	C:\Windows\system32\RPCRT4.dll
0x0000000077400000 - 0x00000000774fa000 	C:\Windows\system32\USER32.dll
0x000007fefd940000 - 0x000007fefd9a7000 	C:\Windows\system32\GDI32.dll
0x000007fefe8f0000 - 0x000007fefe8fe000 	C:\Windows\system32\LPK.dll
0x000007feff7e0000 - 0x000007feff8a9000 	C:\Windows\system32\USP10.dll
0x000007fefc630000 - 0x000007fefc824000 	C:\Windows\WinSxS\amd64_microsoft.windows.common-controls_6595b64144ccf1df_6.0.7601.17514_none_fa396087175ac9ac\COMCTL32.dll
0x000007feff8b0000 - 0x000007feff921000 	C:\Windows\system32\SHLWAPI.dll
0x000007fefe900000 - 0x000007fefe92e000 	C:\Windows\system32\IMM32.DLL
0x000007fefe1d0000 - 0x000007fefe2d9000 	C:\Windows\system32\MSCTF.dll
0x0000000068ea0000 - 0x0000000068f72000 	C:\Program Files\Java\jdk1.8.0_65\jre\bin\msvcr100.dll
0x0000000050100000 - 0x0000000050989000 	C:\Program Files\Java\jdk1.8.0_65\jre\bin\server\jvm.dll
0x000007fefa410000 - 0x000007fefa419000 	C:\Windows\system32\WSOCK32.dll
0x000007fefe2e0000 - 0x000007fefe32d000 	C:\Windows\system32\WS2_32.dll
0x000007fefdb80000 - 0x000007fefdb88000 	C:\Windows\system32\NSI.dll
0x000007fefbb70000 - 0x000007fefbbab000 	C:\Windows\system32\WINMM.dll
0x000007fefc370000 - 0x000007fefc37c000 	C:\Windows\system32\VERSION.dll
0x00000000777e0000 - 0x00000000777e7000 	C:\Windows\system32\PSAPI.DLL
0x000000006f2f0000 - 0x000000006f2ff000 	C:\Program Files\Java\jdk1.8.0_65\jre\bin\verify.dll
0x000000006f2a0000 - 0x000000006f2c9000 	C:\Program Files\Java\jdk1.8.0_65\jre\bin\java.dll
0x000000006f230000 - 0x000000006f246000 	C:\Program Files\Java\jdk1.8.0_65\jre\bin\zip.dll
0x000007fefea50000 - 0x000007feff7d8000 	C:\Windows\system32\SHELL32.dll
0x000007fefe6e0000 - 0x000007fefe8e3000 	C:\Windows\system32\ole32.dll
0x000007fefd570000 - 0x000007fefd57f000 	C:\Windows\system32\profapi.dll
0x000000005e2e0000 - 0x000000005e478000 	C:\Program Files\Java\jdk1.8.0_65\jre\bin\awt.dll
0x000007fefdb90000 - 0x000007fefdc67000 	C:\Windows\system32\OLEAUT32.dll
0x000007fefba80000 - 0x000007fefbad6000 	C:\Windows\system32\uxtheme.dll
0x000007fefb6a0000 - 0x000007fefb6b8000 	C:\Windows\system32\dwmapi.dll
0x000007fefd460000 - 0x000007fefd46f000 	C:\Windows\system32\CRYPTBASE.dll
0x0000000068e50000 - 0x0000000068e97000 	C:\Program Files\Java\jdk1.8.0_65\jre\bin\fontmanager.dll
0x000000006f210000 - 0x000000006f22a000 	C:\Program Files\Java\jdk1.8.0_65\jre\bin\net.dll
0x000007fefcda0000 - 0x000007fefcdf5000 	C:\Windows\system32\mswsock.dll
0x000007fefcd90000 - 0x000007fefcd97000 	C:\Windows\System32\wship6.dll
0x000000006f1f0000 - 0x000000006f201000 	C:\Program Files\Java\jdk1.8.0_65\jre\bin\nio.dll
0x0000000068e00000 - 0x0000000068e42000 	C:\Program Files\Java\jdk1.8.0_65\jre\bin\t2k.dll
0x000000005e010000 - 0x000000005e041000 	C:\Program Files\Java\jdk1.8.0_65\jre\bin\jpeg.dll
0x000007feed970000 - 0x000007feed9af000 	C:\Program Files\WIDCOMM\Bluetooth Software\btmmhook.dll
0x000007fefc440000 - 0x000007fefc447000 	C:\Windows\System32\wshtcpip.dll
0x000007fefcc20000 - 0x000007fefcc7b000 	C:\Windows\system32\DNSAPI.dll
0x000000006f4a0000 - 0x000000006f4c6000 	C:\Program Files\Bonjour\mdnsNSP.dll
0x000007fefa360000 - 0x000007fefa387000 	C:\Windows\system32\Iphlpapi.DLL
0x000007fefa350000 - 0x000007fefa35b000 	C:\Windows\system32\WINNSI.DLL
0x000007fef5090000 - 0x000007fef5098000 	C:\Windows\system32\rasadhlp.dll
0x000007fef9b90000 - 0x000007fef9be3000 	C:\Windows\System32\fwpuclnt.dll
0x000007fefded0000 - 0x000007fefdf69000 	C:\Windows\system32\CLBCatQ.DLL
0x000007fefb4e0000 - 0x000007fefb60a000 	C:\Windows\system32\WindowsCodecs.dll
0x000007fefd400000 - 0x000007fefd457000 	C:\Windows\system32\apphelp.dll
0x000007fef9360000 - 0x000007fef93df000 	C:\Program Files (x86)\Adobe\Adobe Creative Cloud\CoreSyncExtension\CoreSync_x64.dll
0x000007fef9350000 - 0x000007fef9353000 	C:\Windows\system32\api-ms-win-core-synch-l1-2-0.DLL
0x000007fef9900000 - 0x000007fef9b3b000 	C:\PROGRA~1\MIF5BA~1\Office15\GROOVEEX.DLL
0x0000000073aa0000 - 0x0000000073b38000 	C:\Windows\system32\MSVCP100.dll
0x0000000073a70000 - 0x0000000073a9b000 	C:\Windows\system32\ATL100.DLL
0x000007fef94e0000 - 0x000007fef97f6000 	C:\Windows\system32\msi.dll
0x000007fef7d10000 - 0x000007fef8353000 	C:\PROGRA~1\MIF5BA~1\Office15\3082\GrooveIntlResource.dll
0x00000000738b0000 - 0x0000000073a61000 	C:\Program Files\AVAST Software\Avast\ashShA64.dll
0x000007fefb860000 - 0x000007fefba75000 	C:\Windows\WinSxS\amd64_microsoft.windows.gdiplus_6595b64144ccf1df_1.1.7601.17514_none_2b24536c71ed437a\gdiplus.dll
0x000007fef7ad0000 - 0x000007fef7b05000 	C:\Windows\system32\EhStorShell.dll
0x000007fefdff0000 - 0x000007fefe1c7000 	C:\Windows\system32\SETUPAPI.dll
0x000007fefd790000 - 0x000007fefd7c6000 	C:\Windows\system32\CFGMGR32.dll
0x000007fefd920000 - 0x000007fefd93a000 	C:\Windows\system32\DEVOBJ.dll
0x000007fefbc00000 - 0x000007fefbd2c000 	C:\Windows\system32\PROPSYS.dll
0x000007fef7a50000 - 0x000007fef7ace000 	C:\Windows\System32\cscui.dll
0x000007fef7a40000 - 0x000007fef7a4c000 	C:\Windows\System32\CSCDLL.dll
0x000007fef7a30000 - 0x000007fef7a3f000 	C:\Windows\system32\CSCAPI.dll
0x000007fef79b0000 - 0x000007fef7a30000 	C:\Windows\system32\ntshrui.dll
0x000007fefd080000 - 0x000007fefd0a3000 	C:\Windows\system32\srvcli.dll
0x000007fefb060000 - 0x000007fefb06b000 	C:\Windows\system32\slc.dll
0x000000006edf0000 - 0x000000006ee1a000 	C:\Program Files\Java\jdk1.8.0_65\jre\bin\dcpr.dll
0x000007fef3fa0000 - 0x000007fef40c5000 	C:\Windows\system32\dbghelp.dll

VM Arguments:
jvm_args: -Dfile.encoding=UTF-8 
java_command: view.ContentAdmin
java_class_path (initial): E:\Documentos\SoftDirex\Desarrollo\JAVA\misLibrerias\calendario visual\jcalendar-1.3.3.jar;C:\Program Files\NetBeans 8.1\ide\modules\ext\mysql-connector-java-5.1.23-bin.jar;E:\Documentos\SoftDirex\Desarrollo\JAVA\misLibrerias\libreriaexcel\jxl-2.6.10.jar;E:\Documentos\SoftDirex\Desarrollo\JAVA\misLibrerias\Autocompletar\Autocompleter.jar;E:\Documentos\SoftDirex\Desarrollo\JAVA\misLibrerias\libreria correos\mail.jar;E:\Documentos\SoftDirex\Desarrollo\JAVA\Aplicaciones\Sistema para opticas\Aplicacion\v2\OptiData v2\build\classes
Launcher Type: SUN_STANDARD

Environment Variables:
PATH=C:\oraclexe\app\oracle\product\11.2.0\server\bin;;C:\ProgramData\Oracle\Java\javapath;C:\Program Files (x86)\Intel\iCLS Client\;C:\Program Files\Intel\iCLS Client\;C:\Windows\system32;C:\Windows;C:\Windows\System32\Wbem;C:\Windows\System32\WindowsPowerShell\v1.0\;C:\Program Files\WIDCOMM\Bluetooth Software\;C:\Program Files\WIDCOMM\Bluetooth Software\syswow64;;C:\Program Files\Intel\Intel(R) Management Engine Components\DAL;C:\Program Files\Intel\Intel(R) Management Engine Components\IPT;C:\Program Files (x86)\Intel\Intel(R) Management Engine Components\DAL;C:\Program Files (x86)\Intel\Intel(R) Management Engine Components\IPT;C:\Program Files\Intel\WiFi\bin\;C:\Program Files\Common Files\Intel\WirelessCommon\;C:\Program Files (x86)\Intel\OpenCL SDK\2.0\bin\x86;C:\Program Files (x86)\Intel\OpenCL SDK\2.0\bin\x64;C:\wamp64\bin\php\php5.6.25;C:\ProgramData\ComposerSetup\bin;C:\Program Files (x86)\QuickTime\QTSystem\;C:\Program Files (x86)\Skype\Phone\;C:\Program Files\Intel\WiFi\bin\;C:\Program Files\Common Files\Intel\WirelessCommon\;C:\Users\home\AppData\Roaming\Composer\vendor\bin
USERNAME=home
OS=Windows_NT
PROCESSOR_IDENTIFIER=Intel64 Family 6 Model 58 Stepping 9, GenuineIntel



---------------  S Y S T E M  ---------------

OS: Windows 7 , 64 bit Build 7601 (6.1.7601.17514)

CPU:total 4 (2 cores per cpu, 2 threads per core) family 6 model 58 stepping 9, cmov, cx8, fxsr, mmx, sse, sse2, sse3, ssse3, sse4.1, sse4.2, popcnt, avx, aes, clmul, erms, ht, tsc, tscinvbit, tscinv

Memory: 4k page, physical 8249872k(1797964k free), swap 20966132k(1664332k free)

vm_info: Java HotSpot(TM) 64-Bit Server VM (25.65-b01) for windows-amd64 JRE (1.8.0_65-b17), built on Oct  6 2015 16:39:20 by "java_re" with MS VC++ 10.0 (VS2010)

time: Mon Sep 11 16:27:54 2017
elapsed time: 26 seconds (0d 0h 0m 26s)

